<?xml version="1.0" encoding="utf-8"?><testsuites><testsuite name="pytest" errors="0" failures="0" skipped="0" tests="32" time="9.947" timestamp="2026-01-08T10:27:51.468297" hostname="hak"><testcase classname="tests_new.unit.test_sip_core.test_call_session.TestLeg" name="test_create_leg_with_defaults" time="0.109" /><testcase classname="tests_new.unit.test_sip_core.test_call_session.TestLeg" name="test_create_leg_with_sip_headers" time="0.001" /><testcase classname="tests_new.unit.test_sip_core.test_call_session.TestLeg" name="test_leg_unique_ids" time="0.001" /><testcase classname="tests_new.unit.test_sip_core.test_call_session.TestCallSession" name="test_create_call_session_with_defaults" time="0.001" /><testcase classname="tests_new.unit.test_sip_core.test_call_session.TestCallSession" name="test_mark_established" time="0.001" /><testcase classname="tests_new.unit.test_sip_core.test_call_session.TestCallSession" name="test_mark_terminated" time="0.001" /><testcase classname="tests_new.unit.test_sip_core.test_call_session.TestCallSession" name="test_mark_failed" time="0.001" /><testcase classname="tests_new.unit.test_sip_core.test_call_session.TestCallSession" name="test_get_duration_seconds" time="0.001" /><testcase classname="tests_new.unit.test_sip_core.test_call_session.TestCallSession" name="test_get_duration_returns_none_when_not_answered" time="0.001" /><testcase classname="tests_new.unit.test_sip_core.test_call_session.TestCallSession" name="test_is_active_returns_true_for_active_states" time="0.001" /><testcase classname="tests_new.unit.test_sip_core.test_call_session.TestCallSession" name="test_is_active_returns_false_for_terminated_state" time="0.001" /><testcase classname="tests_new.unit.test_sip_core.test_call_session.TestCallSession" name="test_get_caller_uri" time="0.001" /><testcase classname="tests_new.unit.test_sip_core.test_call_session.TestCallSession" name="test_get_callee_uri" time="0.001" /><testcase classname="tests_new.unit.test_sip_core.test_call_session.TestCallSession" name="test_call_state_transition" time="0.001" /><testcase classname="tests_new.unit.test_events.test_cdr.TestCDR" name="test_create_cdr_with_required_fields" time="0.001" /><testcase classname="tests_new.unit.test_events.test_cdr.TestCDR" name="test_cdr_to_dict_converts_datetime_to_string" time="0.001" /><testcase classname="tests_new.unit.test_events.test_cdr.TestCDR" name="test_cdr_to_json_returns_valid_json" time="0.001" /><testcase classname="tests_new.unit.test_events.test_cdr.TestCDR" name="test_cdr_from_dict_creates_instance" time="0.001" /><testcase classname="tests_new.unit.test_events.test_cdr.TestCDR" name="test_cdr_with_recording_metadata" time="0.001" /><testcase classname="tests_new.unit.test_events.test_cdr.TestCDR" name="test_cdr_metadata_field" time="0.001" /><testcase classname="tests_new.unit.test_events.test_cdr.TestCDRWriter" name="test_cdr_writer_creates_directory" time="0.004" /><testcase classname="tests_new.unit.test_events.test_cdr.TestCDRWriter" name="test_write_cdr_creates_file" time="0.033" /><testcase classname="tests_new.unit.test_events.test_cdr.TestCDRWriter" name="test_write_multiple_cdrs_to_same_file" time="0.036" /><testcase classname="tests_new.unit.test_events.test_cdr.TestCDRWriter" name="test_cdr_roundtrip_serialization" time="0.002" /><testcase classname="tests_new.unit.test_ai_pipeline.test_text_embedder.TestTextEmbedder" name="test_embed_single_text_returns_vector" time="0.020" /><testcase classname="tests_new.unit.test_ai_pipeline.test_text_embedder.TestTextEmbedder" name="test_embed_batch_texts" time="0.010" /><testcase classname="tests_new.unit.test_ai_pipeline.test_text_embedder.TestTextEmbedder" name="test_embed_error_returns_zero_vector" time="0.010" /><testcase classname="tests_new.unit.test_ai_pipeline.test_text_embedder.TestTextEmbedder" name="test_embed_sync_returns_vector" time="0.005" /><testcase classname="tests_new.unit.test_ai_pipeline.test_text_embedder.TestTextEmbedder" name="test_get_stats_returns_statistics" time="0.002" /><testcase classname="tests_new.unit.test_ai_pipeline.test_text_embedder.TestSimpleEmbedder" name="test_simple_embed_returns_deterministic_vector" time="0.017" /><testcase classname="tests_new.unit.test_ai_pipeline.test_text_embedder.TestSimpleEmbedder" name="test_simple_embed_different_texts_different_vectors" time="0.009" /><testcase classname="tests_new.unit.test_ai_pipeline.test_text_embedder.TestSimpleEmbedder" name="test_simple_embed_batch" time="0.018" /></testsuite></testsuites>